[0.679s] Invoking command in '/home/nirmalraja/colornav_ws/src/cnav': PYTHONPATH=/home/nirmalraja/colornav_ws/build/cnav/prefix_override:/usr/lib/python3/dist-packages/colcon_core/task/python/colcon_distutils_commands:/home/nirmalraja/colornav_ws/install/cnav/lib/python3.10/site-packages:${PYTHONPATH} /usr/bin/python3 -W ignore:setup.py install is deprecated -W ignore:easy_install command is deprecated setup.py egg_info --egg-base ../../build/cnav build --build-base /home/nirmalraja/colornav_ws/build/cnav/build install --record /home/nirmalraja/colornav_ws/build/cnav/install.log --single-version-externally-managed install_data
[0.943s] running egg_info
[0.944s] writing ../../build/cnav/cnav.egg-info/PKG-INFO
[0.944s] writing dependency_links to ../../build/cnav/cnav.egg-info/dependency_links.txt
[0.945s] writing entry points to ../../build/cnav/cnav.egg-info/entry_points.txt
[0.945s] writing requirements to ../../build/cnav/cnav.egg-info/requires.txt
[0.946s] writing top-level names to ../../build/cnav/cnav.egg-info/top_level.txt
[0.948s] reading manifest file '../../build/cnav/cnav.egg-info/SOURCES.txt'
[0.949s] writing manifest file '../../build/cnav/cnav.egg-info/SOURCES.txt'
[0.949s] running build
[0.950s] running build_py
[0.950s] running install
[0.951s] running install_lib
[0.952s] running install_data
[0.952s] running install_egg_info
[0.955s] removing '/home/nirmalraja/colornav_ws/install/cnav/lib/python3.10/site-packages/cnav-0.0.0-py3.10.egg-info' (and everything under it)
[0.956s] Copying ../../build/cnav/cnav.egg-info to /home/nirmalraja/colornav_ws/install/cnav/lib/python3.10/site-packages/cnav-0.0.0-py3.10.egg-info
[0.957s] running install_scripts
[0.978s] Installing maze_solver script to /home/nirmalraja/colornav_ws/install/cnav/lib/cnav
[0.978s] Installing maze_task script to /home/nirmalraja/colornav_ws/install/cnav/lib/cnav
[0.978s] Installing msg script to /home/nirmalraja/colornav_ws/install/cnav/lib/cnav
[0.979s] Installing occupancy_grid_pub script to /home/nirmalraja/colornav_ws/install/cnav/lib/cnav
[0.979s] Installing sdf_spawner script to /home/nirmalraja/colornav_ws/install/cnav/lib/cnav
[0.979s] writing list of installed files to '/home/nirmalraja/colornav_ws/build/cnav/install.log'
[1.009s] Invoked command in '/home/nirmalraja/colornav_ws/src/cnav' returned '0': PYTHONPATH=/home/nirmalraja/colornav_ws/build/cnav/prefix_override:/usr/lib/python3/dist-packages/colcon_core/task/python/colcon_distutils_commands:/home/nirmalraja/colornav_ws/install/cnav/lib/python3.10/site-packages:${PYTHONPATH} /usr/bin/python3 -W ignore:setup.py install is deprecated -W ignore:easy_install command is deprecated setup.py egg_info --egg-base ../../build/cnav build --build-base /home/nirmalraja/colornav_ws/build/cnav/build install --record /home/nirmalraja/colornav_ws/build/cnav/install.log --single-version-externally-managed install_data
