[0.253s] Invoking command in '/home/karuppia/colornav_ws/src/cnav': PYTHONPATH=/home/karuppia/colornav_ws/build/cnav/prefix_override:/usr/lib/python3/dist-packages/colcon_core/task/python/colcon_distutils_commands:/home/karuppia/colornav_ws/install/cnav/lib/python3.10/site-packages:${PYTHONPATH} /usr/bin/python3 -W ignore:setup.py install is deprecated -W ignore:easy_install command is deprecated setup.py egg_info --egg-base ../../build/cnav build --build-base /home/karuppia/colornav_ws/build/cnav/build install --record /home/karuppia/colornav_ws/build/cnav/install.log --single-version-externally-managed install_data
[0.360s] running egg_info
[0.360s] writing ../../build/cnav/cnav.egg-info/PKG-INFO
[0.361s] writing dependency_links to ../../build/cnav/cnav.egg-info/dependency_links.txt
[0.361s] writing entry points to ../../build/cnav/cnav.egg-info/entry_points.txt
[0.361s] writing requirements to ../../build/cnav/cnav.egg-info/requires.txt
[0.361s] writing top-level names to ../../build/cnav/cnav.egg-info/top_level.txt
[0.361s] reading manifest file '../../build/cnav/cnav.egg-info/SOURCES.txt'
[0.362s] writing manifest file '../../build/cnav/cnav.egg-info/SOURCES.txt'
[0.362s] running build
[0.362s] running build_py
[0.362s] running install
[0.362s] running install_lib
[0.363s] running install_data
[0.363s] copying launch/maze_navigation.launch.py -> /home/karuppia/colornav_ws/install/cnav/share/cnav/launch
[0.363s] copying world/maze/model.sdf -> /home/karuppia/colornav_ws/install/cnav/share/cnav/world/maze
[0.363s] running install_egg_info
[0.363s] removing '/home/karuppia/colornav_ws/install/cnav/lib/python3.10/site-packages/cnav-0.0.0-py3.10.egg-info' (and everything under it)
[0.364s] Copying ../../build/cnav/cnav.egg-info to /home/karuppia/colornav_ws/install/cnav/lib/python3.10/site-packages/cnav-0.0.0-py3.10.egg-info
[0.364s] running install_scripts
[0.372s] Installing maze_solver script to /home/karuppia/colornav_ws/install/cnav/lib/cnav
[0.372s] Installing maze_task script to /home/karuppia/colornav_ws/install/cnav/lib/cnav
[0.372s] Installing msg script to /home/karuppia/colornav_ws/install/cnav/lib/cnav
[0.372s] Installing occupancy_grid_pub script to /home/karuppia/colornav_ws/install/cnav/lib/cnav
[0.372s] Installing sdf_spawner script to /home/karuppia/colornav_ws/install/cnav/lib/cnav
[0.373s] writing list of installed files to '/home/karuppia/colornav_ws/build/cnav/install.log'
[0.381s] Invoked command in '/home/karuppia/colornav_ws/src/cnav' returned '0': PYTHONPATH=/home/karuppia/colornav_ws/build/cnav/prefix_override:/usr/lib/python3/dist-packages/colcon_core/task/python/colcon_distutils_commands:/home/karuppia/colornav_ws/install/cnav/lib/python3.10/site-packages:${PYTHONPATH} /usr/bin/python3 -W ignore:setup.py install is deprecated -W ignore:easy_install command is deprecated setup.py egg_info --egg-base ../../build/cnav build --build-base /home/karuppia/colornav_ws/build/cnav/build install --record /home/karuppia/colornav_ws/build/cnav/install.log --single-version-externally-managed install_data
