[3.144s] Invoking command in '/home/nirmalraja/colornav_ws/src/cnav': PYTHONPATH=/home/nirmalraja/colornav_ws/build/cnav/prefix_override:/usr/lib/python3/dist-packages/colcon_core/task/python/colcon_distutils_commands:/home/nirmalraja/colornav_ws/install/cnav/lib/python3.10/site-packages:${PYTHONPATH} /usr/bin/python3 -W ignore:setup.py install is deprecated -W ignore:easy_install command is deprecated setup.py egg_info --egg-base ../../build/cnav build --build-base /home/nirmalraja/colornav_ws/build/cnav/build install --record /home/nirmalraja/colornav_ws/build/cnav/install.log --single-version-externally-managed install_data
[4.588s] running egg_info
[4.593s] writing ../../build/cnav/cnav.egg-info/PKG-INFO
[4.593s] writing dependency_links to ../../build/cnav/cnav.egg-info/dependency_links.txt
[4.594s] writing entry points to ../../build/cnav/cnav.egg-info/entry_points.txt
[4.594s] writing requirements to ../../build/cnav/cnav.egg-info/requires.txt
[4.594s] writing top-level names to ../../build/cnav/cnav.egg-info/top_level.txt
[4.594s] reading manifest file '../../build/cnav/cnav.egg-info/SOURCES.txt'
[4.602s] writing manifest file '../../build/cnav/cnav.egg-info/SOURCES.txt'
[4.602s] running build
[4.602s] running build_py
[4.616s] running install
[4.617s] running install_lib
[4.617s] running install_data
[4.617s] running install_egg_info
[4.620s] removing '/home/nirmalraja/colornav_ws/install/cnav/lib/python3.10/site-packages/cnav-0.0.0-py3.10.egg-info' (and everything under it)
[4.620s] Copying ../../build/cnav/cnav.egg-info to /home/nirmalraja/colornav_ws/install/cnav/lib/python3.10/site-packages/cnav-0.0.0-py3.10.egg-info
[4.622s] running install_scripts
[4.755s] Installing maze_solver script to /home/nirmalraja/colornav_ws/install/cnav/lib/cnav
[4.755s] Installing maze_task script to /home/nirmalraja/colornav_ws/install/cnav/lib/cnav
[4.755s] Installing msg script to /home/nirmalraja/colornav_ws/install/cnav/lib/cnav
[4.755s] Installing occupancy_grid_pub script to /home/nirmalraja/colornav_ws/install/cnav/lib/cnav
[4.755s] Installing sdf_spawner script to /home/nirmalraja/colornav_ws/install/cnav/lib/cnav
[4.756s] writing list of installed files to '/home/nirmalraja/colornav_ws/build/cnav/install.log'
[4.888s] Invoked command in '/home/nirmalraja/colornav_ws/src/cnav' returned '0': PYTHONPATH=/home/nirmalraja/colornav_ws/build/cnav/prefix_override:/usr/lib/python3/dist-packages/colcon_core/task/python/colcon_distutils_commands:/home/nirmalraja/colornav_ws/install/cnav/lib/python3.10/site-packages:${PYTHONPATH} /usr/bin/python3 -W ignore:setup.py install is deprecated -W ignore:easy_install command is deprecated setup.py egg_info --egg-base ../../build/cnav build --build-base /home/nirmalraja/colornav_ws/build/cnav/build install --record /home/nirmalraja/colornav_ws/build/cnav/install.log --single-version-externally-managed install_data
