/home/karuppia/colornav_ws/install/cnav/lib/python3.10/site-packages/cnav/__init__.py
/home/karuppia/colornav_ws/install/cnav/lib/python3.10/site-packages/cnav/occupancy_grid_pub.py
/home/karuppia/colornav_ws/install/cnav/lib/python3.10/site-packages/cnav/spawn_entity.py
/home/karuppia/colornav_ws/install/cnav/lib/python3.10/site-packages/cnav/maze_solver.py
/home/karuppia/colornav_ws/install/cnav/lib/python3.10/site-packages/cnav/msg.py
/home/karuppia/colornav_ws/install/cnav/lib/python3.10/site-packages/cnav/maze_task.py
/home/karuppia/colornav_ws/install/cnav/lib/python3.10/site-packages/cnav/__pycache__/__init__.cpython-310.pyc
/home/karuppia/colornav_ws/install/cnav/lib/python3.10/site-packages/cnav/__pycache__/occupancy_grid_pub.cpython-310.pyc
/home/karuppia/colornav_ws/install/cnav/lib/python3.10/site-packages/cnav/__pycache__/spawn_entity.cpython-310.pyc
/home/karuppia/colornav_ws/install/cnav/lib/python3.10/site-packages/cnav/__pycache__/maze_solver.cpython-310.pyc
/home/karuppia/colornav_ws/install/cnav/lib/python3.10/site-packages/cnav/__pycache__/msg.cpython-310.pyc
/home/karuppia/colornav_ws/install/cnav/lib/python3.10/site-packages/cnav/__pycache__/maze_task.cpython-310.pyc
/home/karuppia/colornav_ws/install/cnav/share/ament_index/resource_index/packages/cnav
/home/karuppia/colornav_ws/install/cnav/share/cnav/package.xml
/home/karuppia/colornav_ws/install/cnav/share/cnav/launch/maze_navigation.launch.py
/home/karuppia/colornav_ws/install/cnav/share/cnav/config/tb3_world.pgm
/home/karuppia/colornav_ws/install/cnav/share/cnav/config/maze2.pgm
/home/karuppia/colornav_ws/install/cnav/share/cnav/config/maze2.yaml
/home/karuppia/colornav_ws/install/cnav/share/cnav/config/tb3_nav_params.yaml
/home/karuppia/colornav_ws/install/cnav/share/cnav/config/tb3_world.yaml
/home/karuppia/colornav_ws/install/cnav/share/cnav/config/maze.pgm
/home/karuppia/colornav_ws/install/cnav/share/cnav/config/maze.yaml
/home/karuppia/colornav_ws/install/cnav/share/cnav/config/tb3_cartographer.lua
/home/karuppia/colornav_ws/install/cnav/share/cnav/config/twist_mux.yaml
/home/karuppia/colornav_ws/install/cnav/share/cnav/config/tb3_nav.rviz
/home/karuppia/colornav_ws/install/cnav/share/cnav/world/maze/model.sdf
/home/karuppia/colornav_ws/install/cnav/share/cnav/world/maze/model.config
/home/karuppia/colornav_ws/install/cnav/lib/python3.10/site-packages/cnav-0.0.0-py3.10.egg-info/entry_points.txt
/home/karuppia/colornav_ws/install/cnav/lib/python3.10/site-packages/cnav-0.0.0-py3.10.egg-info/requires.txt
/home/karuppia/colornav_ws/install/cnav/lib/python3.10/site-packages/cnav-0.0.0-py3.10.egg-info/top_level.txt
/home/karuppia/colornav_ws/install/cnav/lib/python3.10/site-packages/cnav-0.0.0-py3.10.egg-info/PKG-INFO
/home/karuppia/colornav_ws/install/cnav/lib/python3.10/site-packages/cnav-0.0.0-py3.10.egg-info/SOURCES.txt
/home/karuppia/colornav_ws/install/cnav/lib/python3.10/site-packages/cnav-0.0.0-py3.10.egg-info/zip-safe
/home/karuppia/colornav_ws/install/cnav/lib/python3.10/site-packages/cnav-0.0.0-py3.10.egg-info/dependency_links.txt
/home/karuppia/colornav_ws/install/cnav/lib/cnav/maze_solver
/home/karuppia/colornav_ws/install/cnav/lib/cnav/maze_task
/home/karuppia/colornav_ws/install/cnav/lib/cnav/msg
/home/karuppia/colornav_ws/install/cnav/lib/cnav/occupancy_grid_pub
/home/karuppia/colornav_ws/install/cnav/lib/cnav/sdf_spawner
/home/karuppia/colornav_ws/install/cnav/lib/cnav/xmsg
