running egg_info
creating ../../build/cnav/cnav.egg-info
writing ../../build/cnav/cnav.egg-info/PKG-INFO
writing dependency_links to ../../build/cnav/cnav.egg-info/dependency_links.txt
writing entry points to ../../build/cnav/cnav.egg-info/entry_points.txt
writing requirements to ../../build/cnav/cnav.egg-info/requires.txt
writing top-level names to ../../build/cnav/cnav.egg-info/top_level.txt
writing manifest file '../../build/cnav/cnav.egg-info/SOURCES.txt'
reading manifest file '../../build/cnav/cnav.egg-info/SOURCES.txt'
writing manifest file '../../build/cnav/cnav.egg-info/SOURCES.txt'
running build
running build_py
creating /home/nirmalraja/colornav_ws/build/cnav/build
creating /home/nirmalraja/colornav_ws/build/cnav/build/lib
creating /home/nirmalraja/colornav_ws/build/cnav/build/lib/cnav
copying cnav/spawn_entity.py -> /home/nirmalraja/colornav_ws/build/cnav/build/lib/cnav
copying cnav/__init__.py -> /home/nirmalraja/colornav_ws/build/cnav/build/lib/cnav
copying cnav/msg.py -> /home/nirmalraja/colornav_ws/build/cnav/build/lib/cnav
copying cnav/maze_solver.py -> /home/nirmalraja/colornav_ws/build/cnav/build/lib/cnav
copying cnav/occupancy_grid_pub.py -> /home/nirmalraja/colornav_ws/build/cnav/build/lib/cnav
copying cnav/maze_task.py -> /home/nirmalraja/colornav_ws/build/cnav/build/lib/cnav
running install
running install_lib
creating /home/nirmalraja/colornav_ws/install/cnav/lib/python3.10/site-packages/cnav
copying /home/nirmalraja/colornav_ws/build/cnav/build/lib/cnav/spawn_entity.py -> /home/nirmalraja/colornav_ws/install/cnav/lib/python3.10/site-packages/cnav
copying /home/nirmalraja/colornav_ws/build/cnav/build/lib/cnav/__init__.py -> /home/nirmalraja/colornav_ws/install/cnav/lib/python3.10/site-packages/cnav
copying /home/nirmalraja/colornav_ws/build/cnav/build/lib/cnav/msg.py -> /home/nirmalraja/colornav_ws/install/cnav/lib/python3.10/site-packages/cnav
copying /home/nirmalraja/colornav_ws/build/cnav/build/lib/cnav/maze_solver.py -> /home/nirmalraja/colornav_ws/install/cnav/lib/python3.10/site-packages/cnav
copying /home/nirmalraja/colornav_ws/build/cnav/build/lib/cnav/occupancy_grid_pub.py -> /home/nirmalraja/colornav_ws/install/cnav/lib/python3.10/site-packages/cnav
copying /home/nirmalraja/colornav_ws/build/cnav/build/lib/cnav/maze_task.py -> /home/nirmalraja/colornav_ws/install/cnav/lib/python3.10/site-packages/cnav
byte-compiling /home/nirmalraja/colornav_ws/install/cnav/lib/python3.10/site-packages/cnav/spawn_entity.py to spawn_entity.cpython-310.pyc
byte-compiling /home/nirmalraja/colornav_ws/install/cnav/lib/python3.10/site-packages/cnav/__init__.py to __init__.cpython-310.pyc
byte-compiling /home/nirmalraja/colornav_ws/install/cnav/lib/python3.10/site-packages/cnav/msg.py to msg.cpython-310.pyc
byte-compiling /home/nirmalraja/colornav_ws/install/cnav/lib/python3.10/site-packages/cnav/maze_solver.py to maze_solver.cpython-310.pyc
byte-compiling /home/nirmalraja/colornav_ws/install/cnav/lib/python3.10/site-packages/cnav/occupancy_grid_pub.py to occupancy_grid_pub.cpython-310.pyc
byte-compiling /home/nirmalraja/colornav_ws/install/cnav/lib/python3.10/site-packages/cnav/maze_task.py to maze_task.cpython-310.pyc
running install_data
creating /home/nirmalraja/colornav_ws/install/cnav/share/ament_index
creating /home/nirmalraja/colornav_ws/install/cnav/share/ament_index/resource_index
creating /home/nirmalraja/colornav_ws/install/cnav/share/ament_index/resource_index/packages
copying resource/cnav -> /home/nirmalraja/colornav_ws/install/cnav/share/ament_index/resource_index/packages
copying package.xml -> /home/nirmalraja/colornav_ws/install/cnav/share/cnav
creating /home/nirmalraja/colornav_ws/install/cnav/share/cnav/launch
copying launch/maze_navigation.launch.py -> /home/nirmalraja/colornav_ws/install/cnav/share/cnav/launch
creating /home/nirmalraja/colornav_ws/install/cnav/share/cnav/config
copying config/tb3_nav_params.yaml -> /home/nirmalraja/colornav_ws/install/cnav/share/cnav/config
copying config/twist_mux.yaml -> /home/nirmalraja/colornav_ws/install/cnav/share/cnav/config
copying config/maze.yaml -> /home/nirmalraja/colornav_ws/install/cnav/share/cnav/config
copying config/maze2.yaml -> /home/nirmalraja/colornav_ws/install/cnav/share/cnav/config
copying config/tb3_world.yaml -> /home/nirmalraja/colornav_ws/install/cnav/share/cnav/config
copying config/tb3_world.pgm -> /home/nirmalraja/colornav_ws/install/cnav/share/cnav/config
copying config/tb3_cartographer.lua -> /home/nirmalraja/colornav_ws/install/cnav/share/cnav/config
copying config/tb3_nav.rviz -> /home/nirmalraja/colornav_ws/install/cnav/share/cnav/config
copying config/maze.pgm -> /home/nirmalraja/colornav_ws/install/cnav/share/cnav/config
copying config/maze2.pgm -> /home/nirmalraja/colornav_ws/install/cnav/share/cnav/config
creating /home/nirmalraja/colornav_ws/install/cnav/share/cnav/world
creating /home/nirmalraja/colornav_ws/install/cnav/share/cnav/world/maze
copying world/maze/model.config -> /home/nirmalraja/colornav_ws/install/cnav/share/cnav/world/maze
copying world/maze/model.sdf -> /home/nirmalraja/colornav_ws/install/cnav/share/cnav/world/maze
running install_egg_info
Copying ../../build/cnav/cnav.egg-info to /home/nirmalraja/colornav_ws/install/cnav/lib/python3.10/site-packages/cnav-0.0.0-py3.10.egg-info
running install_scripts
Installing maze_solver script to /home/nirmalraja/colornav_ws/install/cnav/lib/cnav
Installing maze_task script to /home/nirmalraja/colornav_ws/install/cnav/lib/cnav
Installing msg script to /home/nirmalraja/colornav_ws/install/cnav/lib/cnav
Installing occupancy_grid_pub = cnav.occupancy_grid_pub:mainsdf_spawner script to /home/nirmalraja/colornav_ws/install/cnav/lib/cnav
writing list of installed files to '/home/nirmalraja/colornav_ws/build/cnav/install.log'
